  Source.cpp
q:\source\repos\lab 13 assignment\lab 13 assignment\source.cpp(52): warning C4244: '=': conversion from 'double' to 'int', possible loss of data
  q:\source\repos\lab 13 assignment\lab 13 assignment\source.cpp(102): note: see reference to function template instantiation 'myType mySearch<int>(myType [],myType,int,int)' being compiled
          with
          [
              myType=int
          ]
q:\source\repos\lab 13 assignment\lab 13 assignment\source.cpp(71): warning C4244: 'return': conversion from 'double' to 'int', possible loss of data
q:\source\repos\lab 13 assignment\lab 13 assignment\source.cpp(75): error C2440: 'return': cannot convert from 'std::string' to 'int'
  q:\source\repos\lab 13 assignment\lab 13 assignment\source.cpp(75): note: No user-defined-conversion operator available that can perform this conversion, or the operator cannot be called
q:\source\repos\lab 13 assignment\lab 13 assignment\source.cpp(75): error C2440: 'return': cannot convert from 'std::string' to 'double'
  q:\source\repos\lab 13 assignment\lab 13 assignment\source.cpp(75): note: No user-defined-conversion operator available that can perform this conversion, or the operator cannot be called
q:\source\repos\lab 13 assignment\lab 13 assignment\source.cpp(49): error C2440: 'return': cannot convert from 'int' to 'std::basic_string<char,std::char_traits<char>,std::allocator<char>>'
  q:\source\repos\lab 13 assignment\lab 13 assignment\source.cpp(49): note: No constructor could take the source type, or constructor overload resolution was ambiguous
  q:\source\repos\lab 13 assignment\lab 13 assignment\source.cpp(120): note: see reference to function template instantiation 'myType mySearch<std::string>(myType [],myType,int,int)' being compiled
          with
          [
              myType=std::string
          ]
q:\source\repos\lab 13 assignment\lab 13 assignment\source.cpp(53): error C2440: 'return': cannot convert from 'int' to 'std::basic_string<char,std::char_traits<char>,std::allocator<char>>'
  q:\source\repos\lab 13 assignment\lab 13 assignment\source.cpp(53): note: No constructor could take the source type, or constructor overload resolution was ambiguous
q:\source\repos\lab 13 assignment\lab 13 assignment\source.cpp(56): error C2440: 'return': cannot convert from 'int' to 'std::basic_string<char,std::char_traits<char>,std::allocator<char>>'
  q:\source\repos\lab 13 assignment\lab 13 assignment\source.cpp(56): note: No constructor could take the source type, or constructor overload resolution was ambiguous
q:\source\repos\lab 13 assignment\lab 13 assignment\source.cpp(67): error C2440: 'return': cannot convert from 'int' to 'std::basic_string<char,std::char_traits<char>,std::allocator<char>>'
  q:\source\repos\lab 13 assignment\lab 13 assignment\source.cpp(67): note: No constructor could take the source type, or constructor overload resolution was ambiguous
q:\source\repos\lab 13 assignment\lab 13 assignment\source.cpp(71): error C2440: 'return': cannot convert from 'double' to 'std::basic_string<char,std::char_traits<char>,std::allocator<char>>'
  q:\source\repos\lab 13 assignment\lab 13 assignment\source.cpp(71): note: No constructor could take the source type, or constructor overload resolution was ambiguous
